0 info it worked if it ends with ok
1 verbose cli [ '/Users/naokits/.nodebrew/node/v5.3.0/bin/node',
1 verbose cli   '/Users/naokits/.nodebrew/current/bin/npm',
1 verbose cli   'start' ]
2 info using npm@3.6.0
3 info using node@v5.3.0
4 verbose run-script [ 'prestart', 'start', 'poststart' ]
5 info lifecycle MoveNodejsApp@0.0.1~prestart: MoveNodejsApp@0.0.1
6 silly lifecycle MoveNodejsApp@0.0.1~prestart: no script for prestart, continuing
7 info lifecycle MoveNodejsApp@0.0.1~start: MoveNodejsApp@0.0.1
8 verbose lifecycle MoveNodejsApp@0.0.1~start: unsafe-perm in lifecycle true
9 verbose lifecycle MoveNodejsApp@0.0.1~start: PATH: /Users/naokits/.nodebrew/node/v5.3.0/lib/node_modules/npm/bin/node-gyp-bin:/Users/naokits/Documents/Repos/MyProjects/my-programming-marathon/bluemix-ncmb-client/node_modules/.bin:/usr/local/opt/pyenv/shims:/usr/local/opt/pyenv/bin:/usr/local/opt/rbenv/shims:/usr/local/opt/rbenv/bin:/Users/naokits/.nodebrew/current/bin:/Users/naokits/.rbenv/shims:/Users/naokits/.pyenv/shims:/Users/naokits/bin:/Users/naokits/.rbenv/shims:/Users/naokits/.pyenv/shims:/usr/local/bin:/usr/bin:/bin:/usr/sbin:/sbin:/Users/naokits/Go/bin:/usr/local/opt/go/libexec/bin
10 verbose lifecycle MoveNodejsApp@0.0.1~start: CWD: /Users/naokits/Documents/Repos/MyProjects/my-programming-marathon/bluemix-ncmb-client
11 silly lifecycle MoveNodejsApp@0.0.1~start: Args: [ '-c', 'node app.js' ]
12 silly lifecycle MoveNodejsApp@0.0.1~start: Returned: code: 1  signal: null
13 info lifecycle MoveNodejsApp@0.0.1~start: Failed to exec start script
14 verbose stack Error: MoveNodejsApp@0.0.1 start: `node app.js`
14 verbose stack Exit status 1
14 verbose stack     at EventEmitter.<anonymous> (/Users/naokits/.nodebrew/node/v5.3.0/lib/node_modules/npm/lib/utils/lifecycle.js:232:16)
14 verbose stack     at emitTwo (events.js:87:13)
14 verbose stack     at EventEmitter.emit (events.js:172:7)
14 verbose stack     at ChildProcess.<anonymous> (/Users/naokits/.nodebrew/node/v5.3.0/lib/node_modules/npm/lib/utils/spawn.js:24:14)
14 verbose stack     at emitTwo (events.js:87:13)
14 verbose stack     at ChildProcess.emit (events.js:172:7)
14 verbose stack     at maybeClose (internal/child_process.js:818:16)
14 verbose stack     at Process.ChildProcess._handle.onexit (internal/child_process.js:211:5)
15 verbose pkgid MoveNodejsApp@0.0.1
16 verbose cwd /Users/naokits/Documents/Repos/MyProjects/my-programming-marathon/bluemix-ncmb-client
17 error Darwin 15.3.0
18 error argv "/Users/naokits/.nodebrew/node/v5.3.0/bin/node" "/Users/naokits/.nodebrew/current/bin/npm" "start"
19 error node v5.3.0
20 error npm  v3.6.0
21 error code ELIFECYCLE
22 error MoveNodejsApp@0.0.1 start: `node app.js`
22 error Exit status 1
23 error Failed at the MoveNodejsApp@0.0.1 start script 'node app.js'.
23 error Make sure you have the latest version of node.js and npm installed.
23 error If you do, this is most likely a problem with the MoveNodejsApp package,
23 error not with npm itself.
23 error Tell the author that this fails on your system:
23 error     node app.js
23 error You can get information on how to open an issue for this project with:
23 error     npm bugs MoveNodejsApp
23 error Or if that isn't available, you can get their info via:
23 error     npm owner ls MoveNodejsApp
23 error There is likely additional logging output above.
24 verbose exit [ 1, true ]
